Category	Segment number	Segment Good	Eye Blinks	Eye Movements	Bad Channels
Din	1	false	true	true	1, 2, 3, 4, 5, 6, 7, 8, 9, 10, 11, 12, 13, 14, 15, 16, 17, 18, 19, 20, 21, 22, 23, 24, 25, 26, 27, 28, 29, 30, 31, 33, 34, 35, 36, 37, 38, 39, 40, 41, 45, 46, 47, 48, 49, 50, 51, 52, 53, 54, 55, 56, 57, 58, 59, 60, 61, 62, 63, 64, 65, 66, 67, 68, 69, 70, 71, 72, 73, 74, 76, 77, 78, 83, 84, 85, 86, 87, 88, 90, 93, 94, 95, 96, 97, 98, 101, 102, 103, 106, 107, 108, 114, 115, 117, 118, 119, 122, 123, 124, 125, 132, 135, 136, 137, 138, 144, 147, 148, 150, 153, 156, 158, 159, 161, 162, 163, 164, 166, 167, 168, 169, 170, 171, 174, 183, 184, 185, 186, 187, 189, 193, 194, 195, 196, 197, 198, 202, 203, 204, 205, 206, 207, 211, 212, 213, 214, 215, 217, 218, 219, 221, 222, 223, 224, 225, 226, 227, 228, 229, 231, 232, 233, 235, 237, 238, 239, 240, 245, 247, 249, 250, 251, 253, 254, 256
Din	2	false	true	true
Din	3	false	false	true
Din	4	false	false	true
Din	5	false	false	true
Din	6	true	false	false
Din	7	true	false	false
Din	8	true	false	false
Din	9	true	false	false
Din	10	true	false	false
Din	11	true	false	false
Din	12	true	false	false
Din	13	true	false	false
Din	14	true	false	false
Din	15	true	false	false
Din	16	true	false	false
Din	17	false	false	true
Din	18	true	false	false
Din	19	true	false	false
Din	20	true	false	false
Din	21	true	false	false
Din	22	true	false	false
Din	23	true	false	false
Din	24	true	false	false
Din	25	true	false	false
Din	26	false	true	true	1, 10, 91, 92, 216, 219, 237
Din	27	true	false	false
Din	28	true	false	false
Din	29	true	false	false
Din	30	true	false	false
Din	31	true	false	false
Din	32	true	false	false
Din	33	true	false	false
Din	34	true	false	false
Din	35	true	false	false
Din	36	true	false	false
Din	37	true	false	false
Din	38	true	false	false
Din	39	true	false	false
Din	40	true	false	false
Din	41	false	false	true
Din	42	true	false	false
Din	43	true	false	false
Din	44	true	false	false
Din	45	true	false	false
Din	46	true	false	false
Din	47	true	false	false
Din	48	true	false	false
Din	49	true	false	false
Din	50	true	false	false
Din	51	true	false	false
Din	52	true	false	false
Din	53	true	false	false
Din	54	true	false	false
Din	55	true	false	false
Din	56	true	false	false
Din	57	true	false	false
Din	58	true	false	false
Din	59	true	false	false
Din	60	true	false	false
Din	61	true	false	false
Din	62	true	false	false
Din	63	true	false	false
Din	64	true	false	false
Din	65	true	false	false
Din	66	true	false	false
Din	67	true	false	false
Din	68	true	false	false
Din	69	true	false	false
Din	70	true	false	false
Din	71	true	false	false
Din	72	true	false	false
Din	73	true	false	false
Din	74	true	false	false
Din	75	true	false	false
Din	76	true	false	false
Din	77	true	false	false
Din	78	true	false	false
Din	79	true	false	false
Din	80	true	false	false
Din	81	true	false	false
Din	82	true	false	false
Din	83	true	false	false
Din	84	true	false	false
Din	85	false	false	true
Din	86	true	false	false
Din	87	false	true	false
Din	88	true	false	false
Din	89	true	false	false
Din	90	true	false	false
Din	91	true	false	false
Din	92	true	false	false
Din	93	true	false	false
Din	94	true	false	false
Din	95	true	false	false
Din	96	true	false	false
Din	97	true	false	false
Din	98	true	false	false
Din	99	true	false	false
Din	100	true	false	false
Din	101	true	false	false
Din	102	true	false	false
Din	103	true	false	false
Din	104	true	false	false
Din	105	true	false	false
Din	106	true	false	false
Din	107	true	false	false
Din	108	true	false	false
Din	109	true	false	false
Din	110	true	false	false
Din	111	true	false	false
Din	112	true	false	false
Din	113	true	false	false
Din	114	true	false	false
Din	115	false	true	true	25, 26, 31, 32, 33, 37, 46
Din	116	true	false	false
Din	117	true	false	false
Din	118	true	false	false
Din	119	true	false	false
Din	120	true	false	false
Din	121	true	false	false
Din	122	true	false	false
Din	123	true	false	false
Din	124	true	false	false
Din	125	true	false	false
Din	126	true	false	false
Din	127	true	false	false
Din	128	true	false	false
Din	129	true	false	false
Din	130	false	false	true
Din	131	true	false	false
Din	132	true	false	false
Din	133	true	false	false
Din	134	true	false	false
Din	135	true	false	false
Din	136	true	false	false
Din	137	false	false	true
Din	138	true	false	false
Din	139	true	false	false
Din	140	true	false	false
Din	141	true	false	false
Din	142	true	false	false
Din	143	true	false	false
Din	144	true	false	false
Din	145	true	false	false
Din	146	true	false	false
Din	147	true	false	false
Din	148	true	false	false
Din	149	true	false	false
Din	150	true	false	false
Din	151	true	false	false
Din	152	true	false	false
Din	153	true	false	false
Din	154	true	false	false
Din	155	true	false	false
Din	156	true	false	false
Din	157	true	false	false
Din	158	true	false	false
Din	159	true	false	false
Din	160	true	false	false
Din	161	true	false	false
Din	162	true	false	false
Din	163	true	false	false
Din	164	true	false	false
Din	165	true	false	false
Din	166	true	false	false
Din	167	false	true	false
Din	168	true	false	false
Din	169	true	false	false
Din	170	true	false	false
Din	171	true	false	false
Din	172	true	false	false
Din	173	true	false	false
Din	174	true	false	false
Din	175	true	false	false
Din	176	true	false	false
Din	177	true	false	false
Din	178	true	false	false
Din	179	true	false	false
Din	180	true	false	false
Din	181	true	false	false
Din	182	true	false	false
Din	183	true	false	false
Din	184	true	false	false
Din	185	true	false	false
Din	186	true	false	false
Din	187	true	false	false
Din	188	true	false	false
Din	189	true	false	false
Din	190	true	false	false
Din	191	true	false	false
Din	192	true	false	false
Din	193	true	false	false
Din	194	true	false	false
Din	195	true	false	false
Din	196	true	false	false
Din	197	true	false	false
Din	198	true	false	false
Din	199	true	false	false
Din	200	true	false	false
Din	201	true	false	false
Din	202	true	false	false
Din	203	true	false	false
Din	204	true	false	false
Din	205	true	false	false
Din	206	true	false	false
Din	207	true	false	false
Din	208	false	true	true	241, 243, 246, 247
Din	209	true	false	false
Din	210	true	false	false
Din	211	true	false	false
Din	212	true	false	false
Din	213	true	false	false
Din	214	true	false	false
Din	215	true	false	false
Din	216	true	false	false
Din	217	true	false	false
Din	218	true	false	false
Din	219	true	false	false
Din	220	true	false	false
Din	221	false	false	true	189, 208, 209, 219
Din	222	true	false	false
Din	223	true	false	false
Din	224	true	false	false
Din	225	true	false	false
Din	226	true	false	false
Din	227	true	false	false
Din	228	true	false	false
Din	229	false	true	false	91, 92, 111, 112, 120, 219, 228, 241, 243
Din	230	false	false	true
Din	231	true	false	false
Din	232	true	false	false
Din	233	true	false	false
Din	234	true	false	false
Din	235	true	false	false
Din	236	true	false	false
Din	237	true	false	false
Din	238	true	false	false
Din	239	true	false	false
Din	240	true	false	false
Din	241	true	false	false
Din	242	true	false	false
Din	243	true	false	false
Din	244	true	false	false
Din	245	true	false	false
Din	246	true	false	false
Din	247	true	false	false
Din	248	false	true	true	2, 3, 4, 10, 11, 12, 13, 18, 19, 25, 26, 27, 31, 32, 33, 34, 37, 38, 39, 46, 47, 54, 212, 221, 222, 244, 248, 252
Din	249	false	true	false
Din	250	true	false	false
Din	251	true	false	false
Din	252	true	false	false
Din	253	true	false	false
Din	254	true	false	false
Din	255	true	false	false
Din	256	true	false	false
Din	257	true	false	false
Din	258	true	false	false
Din	259	true	false	false
Din	260	true	false	false
Din	261	true	false	false
Din	262	true	false	false
Din	263	true	false	false
Din	264	true	false	false
Din	265	true	false	false
Din	266	true	false	false
Din	267	true	false	false
Din	268	true	false	false
Din	269	true	false	false
Din	270	true	false	false
Din	271	true	false	false
Din	272	true	false	false
Din	273	true	false	false
Din	274	true	false	false
Din	275	true	false	false
Din	276	true	false	false
Din	277	true	false	false
Din	278	true	false	false
Din	279	true	false	false
Din	280	false	false	true	91
Din	281	true	false	false
Din	282	true	false	false	112, 233, 237
Din	283	true	false	false
Din	284	true	false	false
Din	285	false	true	true	68, 73, 82, 120, 133, 230, 234, 235, 238, 239, 240, 241, 243, 245, 246, 247, 248, 249, 256
Din	286	false	true	false	238, 243
Din	287	true	false	false
Din	288	true	false	false
Din	289	true	false	false
Din	290	true	false	false
Din	291	false	true	true	1, 120, 121, 122, 219, 237, 240
Din	292	true	false	false
Din	293	true	false	false
Din	294	true	false	false
Din	295	true	false	false
Din	296	true	false	false
Din	297	true	false	false
Din	298	true	false	false
Din	299	true	false	false
Din	300	true	false	false	1, 243
Din	301	true	false	false
Din	302	true	false	false	133
Din	303	true	false	false
Din	304	true	false	false
Din	305	true	false	false
Din	306	false	false	true
Din	307	true	false	false
Din	308	true	false	false
Din	309	true	false	false
Din	310	true	false	false
Din	311	true	false	false
Din	312	true	false	false
Din	313	true	false	false
Din	314	true	false	false
Din	315	true	false	false
Din	316	true	false	false	75
Din	317	true	false	false	1
Din	318	true	false	false
Din	319	true	false	false
Din	320	true	false	false
Din	321	true	false	false
Din	322	true	false	false
Din	323	true	false	false
Din	324	true	false	false
Din	325	true	false	false
Din	326	true	false	false
Din	327	false	true	false	18
Din	328	false	false	true	133
Din	329	false	true	false	189, 237
Din	330	true	false	false	237
Din	331	true	false	false
Din	332	true	false	false
Din	333	true	false	false
Din	334	true	false	false
Din	335	true	false	false
Din	336	true	false	false
Din	337	true	false	false
Din	338	true	false	false
Din	339	true	false	false
Din	340	true	false	false
Din	341	true	false	false
Din	342	false	true	true	1, 11, 91, 111, 120, 188, 218, 219, 234, 235, 236, 240, 241, 243, 247, 251
Din	343	false	false	true
Din	344	true	false	false
Din	345	true	false	false
Din	346	true	false	false
Din	347	true	false	false
Din	348	true	false	false
Din	349	true	false	false
Din	350	true	false	false
Din	351	true	false	false
Din	352	true	false	false
Din	353	true	false	false
Din	354	true	false	false
Din	355	false	false	true	91, 92, 120, 121, 133, 192, 219, 233, 237
Din	356	true	false	false
Din	357	true	false	false
Din	358	false	true	false	11, 18
Din	359	true	false	false
Din	360	true	false	false
Din	361	true	false	false	133
Din	362	true	false	false
Din	363	true	false	false	133
Din	364	false	false	true	91, 102, 103, 111, 112, 113, 120, 121, 133, 165
Din	365	true	false	false
Din	366	true	false	false
Din	367	true	false	false	133
Din	368	true	false	false
Din	369	true	false	false	133
Din	370	true	false	false
Din	371	true	false	false	133
Din	372	true	false	false	133
Din	373	true	false	false
Din	374	true	false	false	133
Din	375	true	false	false
Din	376	true	false	false
Din	377	true	false	false
Din	378	true	false	false
Din	379	true	false	false
Din	380	true	false	false
Din	381	false	false	true	91, 102, 243, 251
Din	382	true	false	false
Din	383	false	false	true	91
Din	384	true	false	false
Din	385	true	false	false
Din	386	true	false	false
Din	387	true	false	false
Din	388	true	false	false
Din	389	true	false	false	219
Din	390	true	false	false
Din	391	true	false	false
Din	392	true	false	false
Din	393	true	false	false
Din	394	false	false	true
Din	395	false	false	true
Din	396	true	false	false
Din	397	true	false	false
Din	398	true	false	false
Din	399	true	false	false
Din	400	true	false	false
Din	401	true	false	false
Din	402	true	false	false
Din	403	true	false	false
Din	404	true	false	false
Din	405	true	false	false
Din	406	true	false	false
Din	407	true	false	false
Din	408	true	false	false
Din	409	true	false	false
Din	410	true	false	false
Din	411	true	false	false
Din	412	true	false	false
Din	413	false	false	true	91
Din	414	false	true	true	91, 237
Din	415	true	false	false
Din	416	true	false	false
Din	417	true	false	false
Din	418	false	false	true	189
Din	419	true	false	false
Din	420	true	false	false
Din	421	true	false	false
Din	422	true	false	false
Din	423	true	false	false
Din	424	true	false	false
Din	425	true	false	false
Din	426	true	false	false	133
Din	427	true	false	false
Din	428	true	false	false
Din	429	true	false	false
Din	430	true	false	false
Din	431	true	false	false
Din	432	true	false	false
Din	433	true	false	false
Din	434	true	false	false
Din	435	false	true	true	91, 111, 219, 228, 229, 235, 237, 241, 247, 251, 255
Din	436	true	false	false
Din	437	true	false	false
Din	438	true	false	false
Din	439	true	false	false
Din	440	true	false	false
Din	441	true	false	false
Din	442	true	false	false
Din	443	true	false	false
Din	444	true	false	false
Din	445	true	false	false
Din	446	true	false	false
Din	447	true	false	false
Din	448	true	false	false
Din	449	true	false	false
Din	450	false	false	true	91, 102, 133, 237, 243, 247
Din	451	true	false	false
Din	452	true	false	false
Din	453	true	false	false
Din	454	true	false	false
Din	455	true	false	false
Din	456	true	false	false
